Arguments: 
  D:\编程相关\nodejs\node.exe D:\software\yarn\bin\yarn.js add app1.js

PATH: 
  D:\software\cmder\vendor\git-for-windows\mingw64\bin;D:\software\cmder\vendor\git-for-windows\usr\bin;C:\Users\47391\bin;D:\software\cmder\vendor\git-for-windows\mingw64\bin;D:\software\cmder\vendor\git-for-windows\usr\bin;C:\Users\47391\bin;C:\Users\47391\bin;D:\software\cmder\bin;D:\software\cmder\vendor\bin;D:\software\cmder\vendor\git-for-windows\usr\bin;D:\software\cmder\vendor\git-for-windows\mingw64\bin;D:\software\cmder\vendor\git-for-windows\usr\local\bin;D:\software\cmder\vendor\git-for-windows\usr\bin;D:\software\cmder\vendor\git-for-windows\usr\bin;D:\software\cmder\vendor\git-for-windows\mingw64\bin;D:\software\cmder\vendor\git-for-windows\usr\bin;C:\Users\47391\bin;D:\software\cmder\vendor\conemu-maximus5\ConEmu\Scripts;D:\software\cmder\vendor\conemu-maximus5;D:\software\cmder\vendor\conemu-maximus5\ConEmu;D:\Code-Common\language\python\Scripts;D:\Code-Common\language\python;C:\Program Files\Java\jdk1.8.0_251\bin;C:\Windows\system32;C:\Windows;C:\Windows\System32\Wbem;C:\Windows\System32\WindowsPowerShell\v1.0;C:\Windows\System32\OpenSSH;D:\编程相关\maven\apache-maven-3.6.3\bin;D:\编程相关\database\mysql-5.6.48-winx64\bin;C:\Program Files\Docker\Docker\resources\bin;C:\ProgramData\DockerDesktop\version-bin;D:\software\Git\cmd;D:\编程相关\nodejs;D:\编程相关\apache-tomcat-9.0.40\lib;D:\编程相关\apache-tomcat-9.0.40\bin;C:\Users\47391\AppData\Local\Yarn\Data\global\node_modules\.bin;C:\Program Files\Java\jdk1.8.0_251\jre\bin;D:\software\yarn\bin;C:\Users\47391\AppData\Local\Microsoft\WindowsApps;D:\软件\解压工具;C:\Program Files\Bandizip;C:\Users\47391\AppData\Roaming\npm;D:\编程相关\nodejs\node_global;D:\web-front\Microsoft VS Code\bin;C:\Users\47391\AppData\Local\Yarn\bin;D:\web-front\Microsoft VS Code\bin;D:\web-front\WebStorm\WebStorm 2019.3.5\bin;D:\software\cmder;D:\software\cmder\vendor\git-for-windows\usr\bin\vendor_perl;D:\software\cmder\vendor\git-for-windows\usr\bin\core_perl

Yarn version: 
  1.22.5

Node version: 
  12.18.2

Platform: 
  win32 x64

Trace: 
  Error: https://registry.npm.taobao.org/app1.js: Not found
      at Request.params.callback [as _callback] (D:\software\yarn\lib\cli.js:66097:18)
      at Request.self.callback (D:\software\yarn\lib\cli.js:140749:22)
      at Request.emit (events.js:315:20)
      at Request.<anonymous> (D:\software\yarn\lib\cli.js:141721:10)
      at Request.emit (events.js:315:20)
      at IncomingMessage.<anonymous> (D:\software\yarn\lib\cli.js:141643:12)
      at Object.onceWrapper (events.js:421:28)
      at IncomingMessage.emit (events.js:327:22)
      at endReadableNT (_stream_readable.js:1221:12)
      at processTicksAndRejections (internal/process/task_queues.js:84:21)

npm manifest: 
  {
    "name": "mvc",
    "version": "1.0.0",
    "main": "index.js",
    "license": "MIT",
    "dependencies": {
      "global.css": "^1.1.0",
      "jquery": "^3.5.1"
    }
  }

yarn manifest: 
  No manifest

Lockfile: 
  # THIS IS AN AUTOGENERATED FILE. DO NOT EDIT THIS FILE DIRECTLY.
  # yarn lockfile v1
  
  
  global.css@^1.1.0:
    version "1.1.0"
    resolved "https://registry.npm.taobao.org/global.css/download/global.css-1.1.0.tgz#7529933809f854e8b2c79716ce0dcab04c423287"
    integrity sha1-dSmTOAn4VOiyx5cWzg3KsExCMoc=
  
  jquery@^3.5.1:
    version "3.5.1"
    resolved "https://registry.npm.taobao.org/jquery/download/jquery-3.5.1.tgz?cache=0&other_urls=https%3A%2F%2Fregistry.npm.taobao.org%2Fjquery%2Fdownload%2Fjquery-3.5.1.tgz#d7b4d08e1bfdb86ad2f1a3d039ea17304717abb5"
    integrity sha1-17TQjhv9uGrS8aPQOeoXMEcXq7U=
